<?xml version="1.0" encoding="UTF-8"?>
<!-- Generated by org.testng.reporters.JUnitReportReporter -->
<testsuite skipped="0" hostname="DESKTOP-CEESDAM" name="selenium_H2K_practice.Testclass" tests="1" failures="0" timestamp="2022-11-22T15:20:52 EST" time="2.839" errors="0">
  <testcase name="chrometest" time="2.839" classname="selenium_H2K_practice.Testclass"/>
  <system-out/>
</testsuite> <!-- selenium_H2K_practice.Testclass -->
