<?xml version="1.0" encoding="UTF-8"?>
<!-- Generated by org.testng.reporters.JUnitReportReporter -->
<testsuite skipped="0" hostname="DESKTOP-CEESDAM" name="com.H2K.TestCases.TC_Landing_002" tests="1" failures="0" timestamp="2022-11-29T10:11:38 EST" time="1.977" errors="0">
  <testcase name="landing" time="1.977" classname="com.H2K.TestCases.TC_Landing_002"/>
  <system-out/>
</testsuite> <!-- com.H2K.TestCases.TC_Landing_002 -->
